Compiled jquery.js  (26ms)  (pid 10778)
Compiled jquery_ujs.js  (0ms)  (pid 10778)
Compiled projects.js  (721ms)  (pid 10778)
Compiled users.js  (129ms)  (pid 10778)
Compiled application.js  (906ms)  (pid 10778)
Compiled projects.css  (65ms)  (pid 10778)
Compiled users.css  (3ms)  (pid 10778)
Compiled application.css  (84ms)  (pid 10778)
Compiled jquery.js  (27ms)  (pid 10778)
Compiled jquery_ujs.js  (0ms)  (pid 10778)
Compiled projects.js  (230ms)  (pid 10778)
Compiled users.js  (141ms)  (pid 10778)
Compiled application.js  (425ms)  (pid 10778)
Compiled projects.css  (11ms)  (pid 10778)
Compiled users.css  (1ms)  (pid 10778)
Compiled application.css  (21ms)  (pid 10778)
Compiled jquery.js  (26ms)  (pid 11013)
Compiled jquery_ujs.js  (6ms)  (pid 11013)
Compiled projects.js  (769ms)  (pid 11013)
Compiled users.js  (138ms)  (pid 11013)
Compiled application.js  (973ms)  (pid 11013)
Compiled projects.css  (31ms)  (pid 11013)
Compiled users.css  (1ms)  (pid 11013)
Compiled application.css  (43ms)  (pid 11013)
Compiled jquery.js  (28ms)  (pid 11013)
Compiled jquery_ujs.js  (0ms)  (pid 11013)
Compiled projects.js  (253ms)  (pid 11013)
Compiled users.js  (135ms)  (pid 11013)
Compiled application.js  (444ms)  (pid 11013)
Compiled projects.css  (13ms)  (pid 11013)
Compiled users.css  (1ms)  (pid 11013)
Compiled application.css  (25ms)  (pid 11013)
